<?xml version="1.0" encoding="UTF-8"?>
<testsuite name="매치 수정" tests="2" skipped="0" failures="0" errors="0" timestamp="2025-11-19T01:10:20.013Z" hostname="DESKTOP-9Q5JQDP" time="0.004">
  <properties/>
  <testcase name="매치 수정 실패 - 존재하지 않는 매치" classname="org.example.oddventure.domain.match.unit.MatchServiceTest$UpdateMatch" time="0.002"/>
  <testcase name="매치 정보 수정 성공" classname="org.example.oddventure.domain.match.unit.MatchServiceTest$UpdateMatch" time="0.002"/>
  <system-out><![CDATA[]]></system-out>
  <system-err><![CDATA[]]></system-err>
</testsuite>
