<?xml version="1.0" encoding="UTF-8"?>
<testsuite name="org.example.oddventure.domain.auth.unit.SecurityConfigTest" tests="1" skipped="0" failures="0" errors="0" timestamp="2025-11-19T01:10:03.048Z" hostname="DESKTOP-9Q5JQDP" time="0.166">
  <properties/>
  <testcase name="testPasswordEncoding()" classname="org.example.oddventure.domain.auth.unit.SecurityConfigTest" time="0.166"/>
  <system-out><![CDATA[2025-11-19T10:10:03.046+09:00  INFO 18272 --- [    Test worker] t.c.s.AnnotationConfigContextLoaderUtils : Could not detect default configuration classes for test class [org.example.oddventure.domain.auth.unit.SecurityConfigTest]: SecurityConfigTest does not declare any static, non-private, non-final, nested classes annotated with @Configuration.
2025-11-19T10:10:03.047+09:00  INFO 18272 --- [    Test worker] .b.t.c.SpringBootTestContextBootstrapper : Found @SpringBootConfiguration org.example.oddventure.OddventureApplication for test class org.example.oddventure.domain.auth.unit.SecurityConfigTest
]]></system-out>
  <system-err><![CDATA[]]></system-err>
</testsuite>
