<?xml version="1.0" encoding="UTF-8"?>
<testsuite name="org.example.oddventure.domain.user.unit.UserControllerTest" tests="3" skipped="0" failures="0" errors="0" timestamp="2025-11-19T01:10:20.398Z" hostname="DESKTOP-9Q5JQDP" time="0.063">
  <properties/>
  <testcase name="GET /me - 내 프로필 조회 API" classname="org.example.oddventure.domain.user.unit.UserControllerTest" time="0.022"/>
  <testcase name="PATCH /password - 비밀번호 변경 API" classname="org.example.oddventure.domain.user.unit.UserControllerTest" time="0.021"/>
  <testcase name="PATCH /me - 내 프로필 수정 API" classname="org.example.oddventure.domain.user.unit.UserControllerTest" time="0.018"/>
  <system-out><![CDATA[2025-11-19T10:10:20.144+09:00  INFO 18272 --- [    Test worker] t.c.s.AnnotationConfigContextLoaderUtils : Could not detect default configuration classes for test class [org.example.oddventure.domain.user.unit.UserControllerTest]: UserControllerTest does not declare any static, non-private, non-final, nested classes annotated with @Configuration.
2025-11-19T10:10:20.182+09:00  INFO 18272 --- [    Test worker] .b.t.c.SpringBootTestContextBootstrapper : Found @SpringBootConfiguration org.example.oddventure.OddventureApplication for test class org.example.oddventure.domain.user.unit.UserControllerTest

  .   ____          _            __ _ _
 /\\ / ___'_ __ _ _(_)_ __  __ _ \ \ \ \
( ( )\___ | '_ | '_| | '_ \/ _` | \ \ \ \
 \\/  ___)| |_)| | | | | || (_| |  ) ) ) )
  '  |____| .__|_| |_|_| |_\__, | / / / /
 =========|_|==============|___/=/_/_/_/

 :: Spring Boot ::                (v3.5.6)

2025-11-19T10:10:20.196+09:00  INFO 18272 --- [    Test worker] o.e.o.d.user.unit.UserControllerTest     : Starting UserControllerTest using Java 21.0.9 with PID 18272 (started by Main in C:\sparta\Project\oddventure)
2025-11-19T10:10:20.196+09:00  INFO 18272 --- [    Test worker] o.e.o.d.user.unit.UserControllerTest     : No active profile set, falling back to 1 default profile: "default"
2025-11-19T10:10:20.342+09:00  INFO 18272 --- [    Test worker] o.s.b.a.w.s.WelcomePageHandlerMapping    : Adding welcome page: class path resource [static/index.html]
2025-11-19T10:10:20.362+09:00  WARN 18272 --- [    Test worker] .s.s.UserDetailsServiceAutoConfiguration : 

Using generated security password: 80dbfec9-be03-40b2-82b3-3268edd93b3a

This generated password is for development use only. Your security configuration must be updated before running your application in production.

2025-11-19T10:10:20.362+09:00  INFO 18272 --- [    Test worker] r$InitializeUserDetailsManagerConfigurer : Global AuthenticationManager configured with UserDetailsService bean with name inMemoryUserDetailsManager
2025-11-19T10:10:20.394+09:00  INFO 18272 --- [    Test worker] o.s.b.t.m.w.SpringBootMockServletContext : Initializing Spring TestDispatcherServlet ''
2025-11-19T10:10:20.394+09:00  INFO 18272 --- [    Test worker] o.s.t.web.servlet.TestDispatcherServlet  : Initializing Servlet ''
2025-11-19T10:10:20.394+09:00  INFO 18272 --- [    Test worker] o.s.t.web.servlet.TestDispatcherServlet  : Completed initialization in 0 ms
2025-11-19T10:10:20.398+09:00  INFO 18272 --- [    Test worker] o.e.o.d.user.unit.UserControllerTest     : Started UserControllerTest in 0.214 seconds (process running for 40.015)
2025-11-19T10:10:20.399+09:00  INFO 18272 --- [    Test worker] o.s.b.t.m.w.SpringBootMockServletContext : Initializing Spring TestDispatcherServlet ''
2025-11-19T10:10:20.401+09:00  INFO 18272 --- [    Test worker] o.s.t.web.servlet.TestDispatcherServlet  : Initializing Servlet ''
2025-11-19T10:10:20.401+09:00  INFO 18272 --- [    Test worker] o.s.t.web.servlet.TestDispatcherServlet  : Completed initialization in 0 ms
2025-11-19T10:10:20.422+09:00  INFO 18272 --- [    Test worker] o.s.b.t.m.w.SpringBootMockServletContext : Initializing Spring TestDispatcherServlet ''
2025-11-19T10:10:20.422+09:00  INFO 18272 --- [    Test worker] o.s.t.web.servlet.TestDispatcherServlet  : Initializing Servlet ''
2025-11-19T10:10:20.422+09:00  INFO 18272 --- [    Test worker] o.s.t.web.servlet.TestDispatcherServlet  : Completed initialization in 0 ms
2025-11-19T10:10:20.444+09:00  INFO 18272 --- [    Test worker] o.s.b.t.m.w.SpringBootMockServletContext : Initializing Spring TestDispatcherServlet ''
2025-11-19T10:10:20.444+09:00  INFO 18272 --- [    Test worker] o.s.t.web.servlet.TestDispatcherServlet  : Initializing Servlet ''
2025-11-19T10:10:20.444+09:00  INFO 18272 --- [    Test worker] o.s.t.web.servlet.TestDispatcherServlet  : Completed initialization in 0 ms
]]></system-out>
  <system-err><![CDATA[]]></system-err>
</testsuite>
