<?xml version="1.0" encoding="UTF-8"?>
<testsuite name="org.example.oddventure.domain.bet.unit.BetServiceConcurrencyTest" tests="1" skipped="0" failures="0" errors="0" timestamp="2025-11-19T01:10:10.447Z" hostname="DESKTOP-9Q5JQDP" time="0.82">
  <properties/>
  <testcase name="1000포인트 유저가 100포인트 베팅 20회 동시 시도 시, 10회만 성공하고 잔액은 0이 된다 (분산 락)" classname="org.example.oddventure.domain.bet.unit.BetServiceConcurrencyTest" time="0.82"/>
  <system-out><![CDATA[2025-11-19T10:10:03.799+09:00  INFO 18272 --- [    Test worker] t.c.s.AnnotationConfigContextLoaderUtils : Could not detect default configuration classes for test class [org.example.oddventure.domain.bet.unit.BetServiceConcurrencyTest]: BetServiceConcurrencyTest does not declare any static, non-private, non-final, nested classes annotated with @Configuration.
2025-11-19T10:10:03.801+09:00  INFO 18272 --- [    Test worker] .b.t.c.SpringBootTestContextBootstrapper : Found @SpringBootConfiguration org.example.oddventure.OddventureApplication for test class org.example.oddventure.domain.bet.unit.BetServiceConcurrencyTest
2025-11-19T10:10:03.856+09:00  INFO 18272 --- [    Test worker] org.testcontainers.images.PullPolicy     : Image pull policy will be performed by: DefaultPullPolicy()
2025-11-19T10:10:03.859+09:00  INFO 18272 --- [    Test worker] o.t.utility.ImageNameSubstitutor         : Image name substitution will be performed by: DefaultImageNameSubstitutor (composite of 'ConfigurationFileImageNameSubstitutor' and 'PrefixingImageNameSubstitutor')
2025-11-19T10:10:03.873+09:00  INFO 18272 --- [    Test worker] org.testcontainers.DockerClientFactory   : Testcontainers version: 2.0.1
2025-11-19T10:10:04.378+09:00  INFO 18272 --- [    Test worker] o.t.d.DockerClientProviderStrategy       : Loaded org.testcontainers.dockerclient.NpipeSocketClientProviderStrategy from ~/.testcontainers.properties, will try it first
2025-11-19T10:10:04.907+09:00  INFO 18272 --- [    Test worker] o.t.d.DockerClientProviderStrategy       : Found Docker environment with local Npipe socket (npipe:////./pipe/docker_engine)
2025-11-19T10:10:04.910+09:00  INFO 18272 --- [    Test worker] org.testcontainers.DockerClientFactory   : Docker host IP address is localhost
2025-11-19T10:10:04.934+09:00  INFO 18272 --- [    Test worker] org.testcontainers.DockerClientFactory   : Connected to docker: 
  Server Version: 28.3.3
  API Version: 1.51
  Operating System: Docker Desktop
  Total Memory: 15954 MB
  Labels: 
    com.docker.desktop.address=npipe://\\.\pipe\docker_cli
2025-11-19T10:10:05.052+09:00  INFO 18272 --- [    Test worker] tc.testcontainers/ryuk:0.13.0            : Creating container for image: testcontainers/ryuk:0.13.0
2025-11-19T10:10:05.134+09:00  INFO 18272 --- [    Test worker] o.t.utility.RegistryAuthLocator          : Credential helper/store (docker-credential-desktop) does not have credentials for https://index.docker.io/v1/
2025-11-19T10:10:05.317+09:00  INFO 18272 --- [    Test worker] tc.testcontainers/ryuk:0.13.0            : Container testcontainers/ryuk:0.13.0 is starting: 5499b801692197e620350dfc9cbbf6085886ec2d99b94385da9b56263bec51a8
2025-11-19T10:10:05.789+09:00  INFO 18272 --- [    Test worker] tc.testcontainers/ryuk:0.13.0            : Container testcontainers/ryuk:0.13.0 started in PT0.7375011S
2025-11-19T10:10:05.796+09:00  INFO 18272 --- [    Test worker] o.t.utility.RyukResourceReaper           : Ryuk started - will monitor and terminate Testcontainers containers on JVM exit
2025-11-19T10:10:05.796+09:00  INFO 18272 --- [    Test worker] org.testcontainers.DockerClientFactory   : Checking the system...
2025-11-19T10:10:05.797+09:00  INFO 18272 --- [    Test worker] org.testcontainers.DockerClientFactory   : ✔︎ Docker server version should be at least 1.6.0
2025-11-19T10:10:05.798+09:00  INFO 18272 --- [    Test worker] tc.redis:8.2.1-alpine                    : Creating container for image: redis:8.2.1-alpine
2025-11-19T10:10:05.798+09:00  WARN 18272 --- [    Test worker] tc.redis:8.2.1-alpine                    : Reuse was requested but the environment does not support the reuse of containers
To enable reuse of containers, you must set 'testcontainers.reuse.enable=true' in a file located at C:\Users\Main\.testcontainers.properties
2025-11-19T10:10:05.876+09:00  INFO 18272 --- [    Test worker] tc.redis:8.2.1-alpine                    : Container redis:8.2.1-alpine is starting: 280d99fda8ad20509c829b8e2b42f3a175d1b221607b24f1194fca7bf5a47f75
2025-11-19T10:10:06.326+09:00  INFO 18272 --- [    Test worker] tc.redis:8.2.1-alpine                    : Container redis:8.2.1-alpine started in PT0.5286314S

  .   ____          _            __ _ _
 /\\ / ___'_ __ _ _(_)_ __  __ _ \ \ \ \
( ( )\___ | '_ | '_| | '_ \/ _` | \ \ \ \
 \\/  ___)| |_)| | | | | || (_| |  ) ) ) )
  '  |____| .__|_| |_|_| |_\__, | / / / /
 =========|_|==============|___/=/_/_/_/

 :: Spring Boot ::                (v3.5.6)

2025-11-19T10:10:06.358+09:00  INFO 18272 --- [    Test worker] o.e.o.d.b.u.BetServiceConcurrencyTest    : Starting BetServiceConcurrencyTest using Java 21.0.9 with PID 18272 (started by Main in C:\sparta\Project\oddventure)
2025-11-19T10:10:06.359+09:00  INFO 18272 --- [    Test worker] o.e.o.d.b.u.BetServiceConcurrencyTest    : The following 1 profile is active: "test"
2025-11-19T10:10:06.768+09:00  INFO 18272 --- [    Test worker] .s.d.r.c.RepositoryConfigurationDelegate : Multiple Spring Data modules found, entering strict repository configuration mode
2025-11-19T10:10:06.768+09:00  INFO 18272 --- [    Test worker] .s.d.r.c.RepositoryConfigurationDelegate : Bootstrapping Spring Data Redis repositories in DEFAULT mode.
2025-11-19T10:10:06.770+09:00  INFO 18272 --- [    Test worker] .s.d.r.c.RepositoryConfigurationDelegate : Finished Spring Data repository scanning in 1 ms. Found 0 Redis repository interfaces.
2025-11-19T10:10:06.939+09:00  INFO 18272 --- [    Test worker] .s.d.r.c.RepositoryConfigurationDelegate : Multiple Spring Data modules found, entering strict repository configuration mode
2025-11-19T10:10:06.939+09:00  INFO 18272 --- [    Test worker] .s.d.r.c.RepositoryConfigurationDelegate : Bootstrapping Spring Data Elasticsearch repositories in DEFAULT mode.
2025-11-19T10:10:06.969+09:00  INFO 18272 --- [    Test worker] .RepositoryConfigurationExtensionSupport : Spring Data Elasticsearch - Could not safely identify store assignment for repository candidate interface org.example.oddventure.domain.bet.repository.BetRepository; If you want this repository to be a Elasticsearch repository, consider annotating your entities with one of these annotations: org.springframework.data.elasticsearch.annotations.Document (preferred), or consider extending one of the following types with your repository: org.springframework.data.elasticsearch.repository.ElasticsearchRepository
2025-11-19T10:10:06.969+09:00  INFO 18272 --- [    Test worker] .RepositoryConfigurationExtensionSupport : Spring Data Elasticsearch - Could not safely identify store assignment for repository candidate interface org.example.oddventure.domain.hotKeywords.repository.HotKeywordsRepository; If you want this repository to be a Elasticsearch repository, consider annotating your entities with one of these annotations: org.springframework.data.elasticsearch.annotations.Document (preferred), or consider extending one of the following types with your repository: org.springframework.data.elasticsearch.repository.ElasticsearchRepository
2025-11-19T10:10:06.969+09:00  INFO 18272 --- [    Test worker] .RepositoryConfigurationExtensionSupport : Spring Data Elasticsearch - Could not safely identify store assignment for repository candidate interface org.example.oddventure.domain.match.repository.MatchRepository; If you want this repository to be a Elasticsearch repository, consider annotating your entities with one of these annotations: org.springframework.data.elasticsearch.annotations.Document (preferred), or consider extending one of the following types with your repository: org.springframework.data.elasticsearch.repository.ElasticsearchRepository
2025-11-19T10:10:06.969+09:00  INFO 18272 --- [    Test worker] .RepositoryConfigurationExtensionSupport : Spring Data Elasticsearch - Could not safely identify store assignment for repository candidate interface org.example.oddventure.domain.team.repository.TeamRepository; If you want this repository to be a Elasticsearch repository, consider annotating your entities with one of these annotations: org.springframework.data.elasticsearch.annotations.Document (preferred), or consider extending one of the following types with your repository: org.springframework.data.elasticsearch.repository.ElasticsearchRepository
2025-11-19T10:10:06.969+09:00  INFO 18272 --- [    Test worker] .RepositoryConfigurationExtensionSupport : Spring Data Elasticsearch - Could not safely identify store assignment for repository candidate interface org.example.oddventure.domain.user.repository.UserRepository; If you want this repository to be a Elasticsearch repository, consider annotating your entities with one of these annotations: org.springframework.data.elasticsearch.annotations.Document (preferred), or consider extending one of the following types with your repository: org.springframework.data.elasticsearch.repository.ElasticsearchRepository
2025-11-19T10:10:06.995+09:00  INFO 18272 --- [    Test worker] .s.d.r.c.RepositoryConfigurationDelegate : Finished Spring Data repository scanning in 55 ms. Found 1 Elasticsearch repository interface.
2025-11-19T10:10:06.997+09:00  INFO 18272 --- [    Test worker] .s.d.r.c.RepositoryConfigurationDelegate : Multiple Spring Data modules found, entering strict repository configuration mode
2025-11-19T10:10:06.997+09:00  INFO 18272 --- [    Test worker] .s.d.r.c.RepositoryConfigurationDelegate : Bootstrapping Spring Data Reactive Elasticsearch repositories in DEFAULT mode.
2025-11-19T10:10:07.019+09:00  INFO 18272 --- [    Test worker] .RepositoryConfigurationExtensionSupport : Spring Data Reactive Elasticsearch - Could not safely identify store assignment for repository candidate interface org.example.oddventure.domain.bet.repository.BetRepository; If you want this repository to be a Reactive Elasticsearch repository, consider annotating your entities with one of these annotations: org.springframework.data.elasticsearch.annotations.Document (preferred), or consider extending one of the following types with your repository: org.springframework.data.elasticsearch.repository.ReactiveElasticsearchRepository
2025-11-19T10:10:07.019+09:00  INFO 18272 --- [    Test worker] .RepositoryConfigurationExtensionSupport : Spring Data Reactive Elasticsearch - Could not safely identify store assignment for repository candidate interface org.example.oddventure.domain.hotKeywords.repository.HotKeywordsRepository; If you want this repository to be a Reactive Elasticsearch repository, consider annotating your entities with one of these annotations: org.springframework.data.elasticsearch.annotations.Document (preferred), or consider extending one of the following types with your repository: org.springframework.data.elasticsearch.repository.ReactiveElasticsearchRepository
2025-11-19T10:10:07.019+09:00  INFO 18272 --- [    Test worker] .RepositoryConfigurationExtensionSupport : Spring Data Reactive Elasticsearch - Could not safely identify store assignment for repository candidate interface org.example.oddventure.domain.match.repository.MatchRepository; If you want this repository to be a Reactive Elasticsearch repository, consider annotating your entities with one of these annotations: org.springframework.data.elasticsearch.annotations.Document (preferred), or consider extending one of the following types with your repository: org.springframework.data.elasticsearch.repository.ReactiveElasticsearchRepository
2025-11-19T10:10:07.019+09:00  INFO 18272 --- [    Test worker] .RepositoryConfigurationExtensionSupport : Spring Data Reactive Elasticsearch - Could not safely identify store assignment for repository candidate interface org.example.oddventure.domain.team.repository.TeamRepository; If you want this repository to be a Reactive Elasticsearch repository, consider annotating your entities with one of these annotations: org.springframework.data.elasticsearch.annotations.Document (preferred), or consider extending one of the following types with your repository: org.springframework.data.elasticsearch.repository.ReactiveElasticsearchRepository
2025-11-19T10:10:07.019+09:00  INFO 18272 --- [    Test worker] .RepositoryConfigurationExtensionSupport : Spring Data Reactive Elasticsearch - Could not safely identify store assignment for repository candidate interface org.example.oddventure.domain.user.repository.UserRepository; If you want this repository to be a Reactive Elasticsearch repository, consider annotating your entities with one of these annotations: org.springframework.data.elasticsearch.annotations.Document (preferred), or consider extending one of the following types with your repository: org.springframework.data.elasticsearch.repository.ReactiveElasticsearchRepository
2025-11-19T10:10:07.019+09:00  INFO 18272 --- [    Test worker] .s.d.r.c.RepositoryConfigurationDelegate : Finished Spring Data repository scanning in 22 ms. Found 0 Reactive Elasticsearch repository interfaces.
2025-11-19T10:10:07.023+09:00  INFO 18272 --- [    Test worker] .s.d.r.c.RepositoryConfigurationDelegate : Multiple Spring Data modules found, entering strict repository configuration mode
2025-11-19T10:10:07.023+09:00  INFO 18272 --- [    Test worker] .s.d.r.c.RepositoryConfigurationDelegate : Bootstrapping Spring Data JPA repositories in DEFAULT mode.
2025-11-19T10:10:07.045+09:00  INFO 18272 --- [    Test worker] .RepositoryConfigurationExtensionSupport : Spring Data JPA - Could not safely identify store assignment for repository candidate interface org.example.oddventure.domain.match.repository.elasticsearch.MatchSearchRepository; If you want this repository to be a JPA repository, consider annotating your entities with one of these annotations: jakarta.persistence.Entity, jakarta.persistence.MappedSuperclass (preferred), or consider extending one of the following types with your repository: org.springframework.data.jpa.repository.JpaRepository
2025-11-19T10:10:07.070+09:00  INFO 18272 --- [    Test worker] .s.d.r.c.RepositoryConfigurationDelegate : Finished Spring Data repository scanning in 46 ms. Found 5 JPA repository interfaces.
2025-11-19T10:10:07.071+09:00  INFO 18272 --- [    Test worker] .s.d.r.c.RepositoryConfigurationDelegate : Multiple Spring Data modules found, entering strict repository configuration mode
2025-11-19T10:10:07.071+09:00  INFO 18272 --- [    Test worker] .s.d.r.c.RepositoryConfigurationDelegate : Bootstrapping Spring Data Redis repositories in DEFAULT mode.
2025-11-19T10:10:07.092+09:00  INFO 18272 --- [    Test worker] .RepositoryConfigurationExtensionSupport : Spring Data Redis - Could not safely identify store assignment for repository candidate interface org.example.oddventure.domain.bet.repository.BetRepository; If you want this repository to be a Redis repository, consider annotating your entities with one of these annotations: org.springframework.data.redis.core.RedisHash (preferred), or consider extending one of the following types with your repository: org.springframework.data.keyvalue.repository.KeyValueRepository
2025-11-19T10:10:07.092+09:00  INFO 18272 --- [    Test worker] .RepositoryConfigurationExtensionSupport : Spring Data Redis - Could not safely identify store assignment for repository candidate interface org.example.oddventure.domain.hotKeywords.repository.HotKeywordsRepository; If you want this repository to be a Redis repository, consider annotating your entities with one of these annotations: org.springframework.data.redis.core.RedisHash (preferred), or consider extending one of the following types with your repository: org.springframework.data.keyvalue.repository.KeyValueRepository
2025-11-19T10:10:07.092+09:00  INFO 18272 --- [    Test worker] .RepositoryConfigurationExtensionSupport : Spring Data Redis - Could not safely identify store assignment for repository candidate interface org.example.oddventure.domain.match.repository.elasticsearch.MatchSearchRepository; If you want this repository to be a Redis repository, consider annotating your entities with one of these annotations: org.springframework.data.redis.core.RedisHash (preferred), or consider extending one of the following types with your repository: org.springframework.data.keyvalue.repository.KeyValueRepository
2025-11-19T10:10:07.092+09:00  INFO 18272 --- [    Test worker] .RepositoryConfigurationExtensionSupport : Spring Data Redis - Could not safely identify store assignment for repository candidate interface org.example.oddventure.domain.match.repository.MatchRepository; If you want this repository to be a Redis repository, consider annotating your entities with one of these annotations: org.springframework.data.redis.core.RedisHash (preferred), or consider extending one of the following types with your repository: org.springframework.data.keyvalue.repository.KeyValueRepository
2025-11-19T10:10:07.093+09:00  INFO 18272 --- [    Test worker] .RepositoryConfigurationExtensionSupport : Spring Data Redis - Could not safely identify store assignment for repository candidate interface org.example.oddventure.domain.team.repository.TeamRepository; If you want this repository to be a Redis repository, consider annotating your entities with one of these annotations: org.springframework.data.redis.core.RedisHash (preferred), or consider extending one of the following types with your repository: org.springframework.data.keyvalue.repository.KeyValueRepository
2025-11-19T10:10:07.093+09:00  INFO 18272 --- [    Test worker] .RepositoryConfigurationExtensionSupport : Spring Data Redis - Could not safely identify store assignment for repository candidate interface org.example.oddventure.domain.user.repository.UserRepository; If you want this repository to be a Redis repository, consider annotating your entities with one of these annotations: org.springframework.data.redis.core.RedisHash (preferred), or consider extending one of the following types with your repository: org.springframework.data.keyvalue.repository.KeyValueRepository
2025-11-19T10:10:07.093+09:00  INFO 18272 --- [    Test worker] .s.d.r.c.RepositoryConfigurationDelegate : Finished Spring Data repository scanning in 19 ms. Found 0 Redis repository interfaces.
2025-11-19T10:10:07.323+09:00  INFO 18272 --- [    Test worker] com.zaxxer.hikari.HikariDataSource       : HikariPool-2 - Starting...
2025-11-19T10:10:07.324+09:00  INFO 18272 --- [    Test worker] com.zaxxer.hikari.pool.HikariPool        : HikariPool-2 - Added connection conn10: url=jdbc:h2:mem:testdb user=SA
2025-11-19T10:10:07.324+09:00  INFO 18272 --- [    Test worker] com.zaxxer.hikari.HikariDataSource       : HikariPool-2 - Start completed.
2025-11-19T10:10:07.407+09:00  INFO 18272 --- [    Test worker] o.hibernate.jpa.internal.util.LogHelper  : HHH000204: Processing PersistenceUnitInfo [name: default]
2025-11-19T10:10:07.411+09:00  INFO 18272 --- [    Test worker] o.h.c.internal.RegionFactoryInitiator    : HHH000026: Second-level cache disabled
2025-11-19T10:10:07.420+09:00  INFO 18272 --- [    Test worker] o.s.o.j.p.SpringPersistenceUnitInfo      : No LoadTimeWeaver setup: ignoring JPA class transformer
2025-11-19T10:10:07.422+09:00  INFO 18272 --- [    Test worker] org.hibernate.orm.connections.pooling    : HHH10001005: Database info:
	Database JDBC URL [Connecting through datasource 'HikariDataSource (HikariPool-2)']
	Database driver: undefined/unknown
	Database version: 2.3.232
	Autocommit mode: undefined/unknown
	Isolation level: undefined/unknown
	Minimum pool size: undefined/unknown
	Maximum pool size: undefined/unknown
2025-11-19T10:10:07.599+09:00  INFO 18272 --- [    Test worker] o.h.e.t.j.p.i.JtaPlatformInitiator       : HHH000489: No JTA platform available (set 'hibernate.transaction.jta.platform' to enable JTA platform integration)
Hibernate: drop table if exists bet cascade 
Hibernate: drop table if exists hot_keywords cascade 
Hibernate: drop table if exists "match" cascade 
Hibernate: drop table if exists team cascade 
Hibernate: drop table if exists users cascade 
Hibernate: create table bet (bet_amount numeric(38,2) not null, is_deleted boolean, is_win boolean not null, odds_at_betting numeric(38,2) not null, created_at timestamp(6) not null, deleted_at timestamp(6), id bigint generated by default as identity, match_id bigint not null, updated_at timestamp(6) not null, user_id bigint not null, selected_team enum ('Team_A','Team_B') not null, primary key (id))
Hibernate: create table hot_keywords (is_deleted boolean, search_count integer not null, created_at timestamp(6) not null, deleted_at timestamp(6), id bigint generated by default as identity, updated_at timestamp(6) not null, keyword varchar(255) not null, primary key (id))
Hibernate: create table "match" (is_deleted boolean, total_amounta numeric(38,2) not null, total_amountb numeric(38,2) not null, created_at timestamp(6) not null, deleted_at timestamp(6), end_time timestamp(6), fetch_id bigint, id bigint generated by default as identity, start_time timestamp(6) not null, updated_at timestamp(6) not null, view_count bigint not null, loser varchar(255), match_name varchar(255) not null, team_a varchar(255) not null, team_b varchar(255) not null, winner varchar(255), status enum ('FINISHED','ONGOING','SCHEDULED') not null, primary key (id))
Hibernate: create table team (id bigint generated by default as identity, name varchar(255) not null, primary key (id))
Hibernate: create table users (is_deleted boolean, point numeric(38,2) not null, created_at timestamp(6) not null, deleted_at timestamp(6), id bigint generated by default as identity, updated_at timestamp(6) not null, email varchar(255) not null unique, password varchar(255) not null, username varchar(255) not null, user_role enum ('ROLE_ADMIN','ROLE_USER') not null, primary key (id))
Hibernate: alter table if exists bet add constraint FK4eonx2b3kaqryea8jm5ddor5o foreign key (match_id) references "match"
Hibernate: alter table if exists bet add constraint FKq5rv2e6soot2iosewr8r4i235 foreign key (user_id) references users
2025-11-19T10:10:07.613+09:00  INFO 18272 --- [    Test worker] j.LocalContainerEntityManagerFactoryBean : Initialized JPA EntityManagerFactory for persistence unit 'default'
2025-11-19T10:10:08.364+09:00  INFO 18272 --- [    Test worker] org.redisson.Version                     : Redisson 3.52.0
2025-11-19T10:10:08.399+09:00  INFO 18272 --- [sson-netty-12-5] o.redisson.connection.ConnectionsHolder  : 1 connections initialized for localhost/127.0.0.1:56460
2025-11-19T10:10:08.467+09:00  INFO 18272 --- [son-netty-12-20] o.redisson.connection.ConnectionsHolder  : 24 connections initialized for localhost/127.0.0.1:56460
2025-11-19T10:10:08.972+09:00  WARN 18272 --- [    Test worker] o.s.b.c.l.AbstractListenerFactoryBean    : org.springframework.batch.item.ItemProcessor is an interface. The implementing class will not be queried for annotation based listener configurations. If using @StepScope on a @Bean method, be sure to return the implementing class so listener annotations can be used.
2025-11-19T10:10:09.140+09:00  WARN 18272 --- [    Test worker] JpaBaseConfiguration$JpaWebConfiguration : spring.jpa.open-in-view is enabled by default. Therefore, database queries may be performed during view rendering. Explicitly configure spring.jpa.open-in-view to disable this warning
2025-11-19T10:10:09.231+09:00  INFO 18272 --- [    Test worker] o.s.b.a.w.s.WelcomePageHandlerMapping    : Adding welcome page: class path resource [static/index.html]
2025-11-19T10:10:09.403+09:00  INFO 18272 --- [    Test worker] o.s.b.a.e.web.EndpointLinksResolver      : Exposing 1 endpoint beneath base path '/actuator'
2025-11-19T10:10:09.451+09:00  WARN 18272 --- [    Test worker] .s.s.UserDetailsServiceAutoConfiguration : 

Using generated security password: c4629c8e-6fca-4107-b777-9e2e95707538

This generated password is for development use only. Your security configuration must be updated before running your application in production.

2025-11-19T10:10:09.455+09:00  INFO 18272 --- [    Test worker] r$InitializeUserDetailsManagerConfigurer : Global AuthenticationManager configured with UserDetailsService bean with name inMemoryUserDetailsManager
2025-11-19T10:10:10.364+09:00  INFO 18272 --- [    Test worker] o.s.m.s.b.SimpleBrokerMessageHandler     : Starting...
2025-11-19T10:10:10.364+09:00  INFO 18272 --- [    Test worker] o.s.m.s.b.SimpleBrokerMessageHandler     : BrokerAvailabilityEvent[available=true, SimpleBrokerMessageHandler [org.springframework.messaging.simp.broker.DefaultSubscriptionRegistry@788aefea]]
2025-11-19T10:10:10.364+09:00  INFO 18272 --- [    Test worker] o.s.m.s.b.SimpleBrokerMessageHandler     : Started.
2025-11-19T10:10:10.395+09:00  INFO 18272 --- [    Test worker] o.s.a.r.c.CachingConnectionFactory       : Attempting to connect to: [localhost:5672]
2025-11-19T10:10:10.400+09:00  INFO 18272 --- [    Test worker] o.s.a.r.c.CachingConnectionFactory       : Created new connection: rabbitConnectionFactory#415e6176:0/SimpleConnection@57b4e014 [delegate=amqp://guest@127.0.0.1:5672/, localPort=56491]
2025-11-19T10:10:10.446+09:00  INFO 18272 --- [    Test worker] o.e.o.d.b.u.BetServiceConcurrencyTest    : Started BetServiceConcurrencyTest in 4.117 seconds (process running for 30.063)
Hibernate: insert into users (created_at,is_deleted,deleted_at,email,password,point,updated_at,user_role,username,id) values (?,?,?,?,?,?,?,?,?,default)
Hibernate: insert into "match" (created_at,is_deleted,deleted_at,end_time,fetch_id,loser,match_name,start_time,status,team_a,team_b,total_amounta,total_amountb,updated_at,view_count,winner,id) values (?,?,?,?,?,?,?,?,?,?,?,?,?,?,?,?,default)
Hibernate: select u1_0.id,u1_0.created_at,u1_0.is_deleted,u1_0.deleted_at,u1_0.email,u1_0.password,u1_0.point,u1_0.updated_at,u1_0.user_role,u1_0.username from users u1_0 where u1_0.id=?
Hibernate: select m1_0.id,m1_0.created_at,m1_0.is_deleted,m1_0.deleted_at,m1_0.end_time,m1_0.fetch_id,m1_0.loser,m1_0.match_name,m1_0.start_time,m1_0.status,m1_0.team_a,m1_0.team_b,m1_0.total_amounta,m1_0.total_amountb,m1_0.updated_at,m1_0.view_count,m1_0.winner from "match" m1_0 where m1_0.id=?
total: 2200.00
probability: 0.50
Hibernate: insert into bet (bet_amount,created_at,is_deleted,deleted_at,is_win,match_id,odds_at_betting,selected_team,updated_at,user_id,id) values (?,?,?,?,?,?,?,?,?,?,default)
Hibernate: update users set is_deleted=?,deleted_at=?,email=?,password=?,point=?,updated_at=?,user_role=?,username=? where id=?
Hibernate: update "match" set is_deleted=?,deleted_at=?,end_time=?,fetch_id=?,loser=?,match_name=?,start_time=?,status=?,team_a=?,team_b=?,total_amounta=?,total_amountb=?,updated_at=?,view_count=?,winner=? where id=?
2025-11-19T10:10:10.900+09:00  INFO 18272 --- [ol-14-thread-16] o.e.o.d.m.e.MatchNotificationProducer    : [RabbitMQ:Odds] routingKey=match.1.odds, payload=MatchOddsUpdateDto[matchId=1, selectedTeam=T1, odds=1.80]
Hibernate: select u1_0.id,u1_0.created_at,u1_0.is_deleted,u1_0.deleted_at,u1_0.email,u1_0.password,u1_0.point,u1_0.updated_at,u1_0.user_role,u1_0.username from users u1_0 where u1_0.id=?
Hibernate: select m1_0.id,m1_0.created_at,m1_0.is_deleted,m1_0.deleted_at,m1_0.end_time,m1_0.fetch_id,m1_0.loser,m1_0.match_name,m1_0.start_time,m1_0.status,m1_0.team_a,m1_0.team_b,m1_0.total_amounta,m1_0.total_amountb,m1_0.updated_at,m1_0.view_count,m1_0.winner from "match" m1_0 where m1_0.id=?
total: 2300.00
probability: 0.52
Hibernate: insert into bet (bet_amount,created_at,is_deleted,deleted_at,is_win,match_id,odds_at_betting,selected_team,updated_at,user_id,id) values (?,?,?,?,?,?,?,?,?,?,default)
2025-11-19T10:10:10.928+09:00  WARN 18272 --- [ntContainer#3-1] o.e.o.d.m.e.MatchNotificationConsumer    : [RabbitMQ:Odds] 알림을 받을 구독자가 없습니다.
Hibernate: update users set is_deleted=?,deleted_at=?,email=?,password=?,point=?,updated_at=?,user_role=?,username=? where id=?
Hibernate: update "match" set is_deleted=?,deleted_at=?,end_time=?,fetch_id=?,loser=?,match_name=?,start_time=?,status=?,team_a=?,team_b=?,total_amounta=?,total_amountb=?,updated_at=?,view_count=?,winner=? where id=?
2025-11-19T10:10:10.932+09:00  INFO 18272 --- [ol-14-thread-17] o.e.o.d.m.e.MatchNotificationProducer    : [RabbitMQ:Odds] routingKey=match.1.odds, payload=MatchOddsUpdateDto[matchId=1, selectedTeam=T1, odds=1.73]
Hibernate: select u1_0.id,u1_0.created_at,u1_0.is_deleted,u1_0.deleted_at,u1_0.email,u1_0.password,u1_0.point,u1_0.updated_at,u1_0.user_role,u1_0.username from users u1_0 where u1_0.id=?
Hibernate: select m1_0.id,m1_0.created_at,m1_0.is_deleted,m1_0.deleted_at,m1_0.end_time,m1_0.fetch_id,m1_0.loser,m1_0.match_name,m1_0.start_time,m1_0.status,m1_0.team_a,m1_0.team_b,m1_0.total_amounta,m1_0.total_amountb,m1_0.updated_at,m1_0.view_count,m1_0.winner from "match" m1_0 where m1_0.id=?
total: 2400.00
probability: 0.54
Hibernate: insert into bet (bet_amount,created_at,is_deleted,deleted_at,is_win,match_id,odds_at_betting,selected_team,updated_at,user_id,id) values (?,?,?,?,?,?,?,?,?,?,default)
Hibernate: update users set is_deleted=?,deleted_at=?,email=?,password=?,point=?,updated_at=?,user_role=?,username=? where id=?
Hibernate: update "match" set is_deleted=?,deleted_at=?,end_time=?,fetch_id=?,loser=?,match_name=?,start_time=?,status=?,team_a=?,team_b=?,total_amounta=?,total_amountb=?,updated_at=?,view_count=?,winner=? where id=?
2025-11-19T10:10:10.944+09:00  INFO 18272 --- [ol-14-thread-18] o.e.o.d.m.e.MatchNotificationProducer    : [RabbitMQ:Odds] routingKey=match.1.odds, payload=MatchOddsUpdateDto[matchId=1, selectedTeam=T1, odds=1.67]
2025-11-19T10:10:10.946+09:00  WARN 18272 --- [ntContainer#3-1] o.e.o.d.m.e.MatchNotificationConsumer    : [RabbitMQ:Odds] 알림을 받을 구독자가 없습니다.
Hibernate: select u1_0.id,u1_0.created_at,u1_0.is_deleted,u1_0.deleted_at,u1_0.email,u1_0.password,u1_0.point,u1_0.updated_at,u1_0.user_role,u1_0.username from users u1_0 where u1_0.id=?
Hibernate: select m1_0.id,m1_0.created_at,m1_0.is_deleted,m1_0.deleted_at,m1_0.end_time,m1_0.fetch_id,m1_0.loser,m1_0.match_name,m1_0.start_time,m1_0.status,m1_0.team_a,m1_0.team_b,m1_0.total_amounta,m1_0.total_amountb,m1_0.updated_at,m1_0.view_count,m1_0.winner from "match" m1_0 where m1_0.id=?
total: 2500.00
probability: 0.56
Hibernate: insert into bet (bet_amount,created_at,is_deleted,deleted_at,is_win,match_id,odds_at_betting,selected_team,updated_at,user_id,id) values (?,?,?,?,?,?,?,?,?,?,default)
Hibernate: update users set is_deleted=?,deleted_at=?,email=?,password=?,point=?,updated_at=?,user_role=?,username=? where id=?
Hibernate: update "match" set is_deleted=?,deleted_at=?,end_time=?,fetch_id=?,loser=?,match_name=?,start_time=?,status=?,team_a=?,team_b=?,total_amounta=?,total_amountb=?,updated_at=?,view_count=?,winner=? where id=?
2025-11-19T10:10:10.955+09:00  INFO 18272 --- [ool-14-thread-5] o.e.o.d.m.e.MatchNotificationProducer    : [RabbitMQ:Odds] routingKey=match.1.odds, payload=MatchOddsUpdateDto[matchId=1, selectedTeam=T1, odds=1.61]
2025-11-19T10:10:10.958+09:00  INFO 18272 --- [ntContainer#3-1] o.e.o.d.m.e.MatchNotificationConsumer    : [RabbitMQ:Odds] matchId=1, sent to 1 subscribers, payload={matchId=1, selectedTeam=T1, odds=1.73}
2025-11-19T10:10:10.960+09:00  INFO 18272 --- [ntContainer#3-1] o.e.o.d.m.e.MatchNotificationConsumer    : [RabbitMQ:Odds] matchId=1, sent to 1 subscribers, payload={matchId=1, selectedTeam=T1, odds=1.61}
Hibernate: select u1_0.id,u1_0.created_at,u1_0.is_deleted,u1_0.deleted_at,u1_0.email,u1_0.password,u1_0.point,u1_0.updated_at,u1_0.user_role,u1_0.username from users u1_0 where u1_0.id=?
Hibernate: select m1_0.id,m1_0.created_at,m1_0.is_deleted,m1_0.deleted_at,m1_0.end_time,m1_0.fetch_id,m1_0.loser,m1_0.match_name,m1_0.start_time,m1_0.status,m1_0.team_a,m1_0.team_b,m1_0.total_amounta,m1_0.total_amountb,m1_0.updated_at,m1_0.view_count,m1_0.winner from "match" m1_0 where m1_0.id=?
total: 2600.00
probability: 0.58
Hibernate: insert into bet (bet_amount,created_at,is_deleted,deleted_at,is_win,match_id,odds_at_betting,selected_team,updated_at,user_id,id) values (?,?,?,?,?,?,?,?,?,?,default)
Hibernate: update users set is_deleted=?,deleted_at=?,email=?,password=?,point=?,updated_at=?,user_role=?,username=? where id=?
Hibernate: update "match" set is_deleted=?,deleted_at=?,end_time=?,fetch_id=?,loser=?,match_name=?,start_time=?,status=?,team_a=?,team_b=?,total_amounta=?,total_amountb=?,updated_at=?,view_count=?,winner=? where id=?
2025-11-19T10:10:10.968+09:00  INFO 18272 --- [ool-14-thread-6] o.e.o.d.m.e.MatchNotificationProducer    : [RabbitMQ:Odds] routingKey=match.1.odds, payload=MatchOddsUpdateDto[matchId=1, selectedTeam=T1, odds=1.55]
2025-11-19T10:10:10.970+09:00  WARN 18272 --- [ntContainer#3-1] o.e.o.d.m.e.MatchNotificationConsumer    : [RabbitMQ:Odds] 알림을 받을 구독자가 없습니다.
Hibernate: select u1_0.id,u1_0.created_at,u1_0.is_deleted,u1_0.deleted_at,u1_0.email,u1_0.password,u1_0.point,u1_0.updated_at,u1_0.user_role,u1_0.username from users u1_0 where u1_0.id=?
Hibernate: select m1_0.id,m1_0.created_at,m1_0.is_deleted,m1_0.deleted_at,m1_0.end_time,m1_0.fetch_id,m1_0.loser,m1_0.match_name,m1_0.start_time,m1_0.status,m1_0.team_a,m1_0.team_b,m1_0.total_amounta,m1_0.total_amountb,m1_0.updated_at,m1_0.view_count,m1_0.winner from "match" m1_0 where m1_0.id=?
total: 2700.00
probability: 0.59
Hibernate: insert into bet (bet_amount,created_at,is_deleted,deleted_at,is_win,match_id,odds_at_betting,selected_team,updated_at,user_id,id) values (?,?,?,?,?,?,?,?,?,?,default)
Hibernate: update users set is_deleted=?,deleted_at=?,email=?,password=?,point=?,updated_at=?,user_role=?,username=? where id=?
Hibernate: update "match" set is_deleted=?,deleted_at=?,end_time=?,fetch_id=?,loser=?,match_name=?,start_time=?,status=?,team_a=?,team_b=?,total_amounta=?,total_amountb=?,updated_at=?,view_count=?,winner=? where id=?
2025-11-19T10:10:10.989+09:00  INFO 18272 --- [ol-14-thread-20] o.e.o.d.m.e.MatchNotificationProducer    : [RabbitMQ:Odds] routingKey=match.1.odds, payload=MatchOddsUpdateDto[matchId=1, selectedTeam=T1, odds=1.53]
2025-11-19T10:10:10.993+09:00  INFO 18272 --- [ntContainer#3-1] o.e.o.d.m.e.MatchNotificationConsumer    : [RabbitMQ:Odds] matchId=1, sent to 1 subscribers, payload={matchId=1, selectedTeam=T1, odds=1.53}
Hibernate: select u1_0.id,u1_0.created_at,u1_0.is_deleted,u1_0.deleted_at,u1_0.email,u1_0.password,u1_0.point,u1_0.updated_at,u1_0.user_role,u1_0.username from users u1_0 where u1_0.id=?
Hibernate: select m1_0.id,m1_0.created_at,m1_0.is_deleted,m1_0.deleted_at,m1_0.end_time,m1_0.fetch_id,m1_0.loser,m1_0.match_name,m1_0.start_time,m1_0.status,m1_0.team_a,m1_0.team_b,m1_0.total_amounta,m1_0.total_amountb,m1_0.updated_at,m1_0.view_count,m1_0.winner from "match" m1_0 where m1_0.id=?
total: 2800.00
probability: 0.61
Hibernate: insert into bet (bet_amount,created_at,is_deleted,deleted_at,is_win,match_id,odds_at_betting,selected_team,updated_at,user_id,id) values (?,?,?,?,?,?,?,?,?,?,default)
Hibernate: update users set is_deleted=?,deleted_at=?,email=?,password=?,point=?,updated_at=?,user_role=?,username=? where id=?
Hibernate: update "match" set is_deleted=?,deleted_at=?,end_time=?,fetch_id=?,loser=?,match_name=?,start_time=?,status=?,team_a=?,team_b=?,total_amounta=?,total_amountb=?,updated_at=?,view_count=?,winner=? where id=?
2025-11-19T10:10:11.002+09:00  INFO 18272 --- [ool-14-thread-2] o.e.o.d.m.e.MatchNotificationProducer    : [RabbitMQ:Odds] routingKey=match.1.odds, payload=MatchOddsUpdateDto[matchId=1, selectedTeam=T1, odds=1.48]
2025-11-19T10:10:11.005+09:00  WARN 18272 --- [ntContainer#3-1] o.e.o.d.m.e.MatchNotificationConsumer    : [RabbitMQ:Odds] 알림을 받을 구독자가 없습니다.
Hibernate: select u1_0.id,u1_0.created_at,u1_0.is_deleted,u1_0.deleted_at,u1_0.email,u1_0.password,u1_0.point,u1_0.updated_at,u1_0.user_role,u1_0.username from users u1_0 where u1_0.id=?
Hibernate: select m1_0.id,m1_0.created_at,m1_0.is_deleted,m1_0.deleted_at,m1_0.end_time,m1_0.fetch_id,m1_0.loser,m1_0.match_name,m1_0.start_time,m1_0.status,m1_0.team_a,m1_0.team_b,m1_0.total_amounta,m1_0.total_amountb,m1_0.updated_at,m1_0.view_count,m1_0.winner from "match" m1_0 where m1_0.id=?
total: 2900.00
probability: 0.62
Hibernate: insert into bet (bet_amount,created_at,is_deleted,deleted_at,is_win,match_id,odds_at_betting,selected_team,updated_at,user_id,id) values (?,?,?,?,?,?,?,?,?,?,default)
Hibernate: update users set is_deleted=?,deleted_at=?,email=?,password=?,point=?,updated_at=?,user_role=?,username=? where id=?
Hibernate: update "match" set is_deleted=?,deleted_at=?,end_time=?,fetch_id=?,loser=?,match_name=?,start_time=?,status=?,team_a=?,team_b=?,total_amounta=?,total_amountb=?,updated_at=?,view_count=?,winner=? where id=?
2025-11-19T10:10:11.014+09:00  INFO 18272 --- [ool-14-thread-8] o.e.o.d.m.e.MatchNotificationProducer    : [RabbitMQ:Odds] routingKey=match.1.odds, payload=MatchOddsUpdateDto[matchId=1, selectedTeam=T1, odds=1.45]
2025-11-19T10:10:11.018+09:00  INFO 18272 --- [ntContainer#3-1] o.e.o.d.m.e.MatchNotificationConsumer    : [RabbitMQ:Odds] matchId=1, sent to 1 subscribers, payload={matchId=1, selectedTeam=T1, odds=1.45}
Hibernate: select u1_0.id,u1_0.created_at,u1_0.is_deleted,u1_0.deleted_at,u1_0.email,u1_0.password,u1_0.point,u1_0.updated_at,u1_0.user_role,u1_0.username from users u1_0 where u1_0.id=?
Hibernate: select m1_0.id,m1_0.created_at,m1_0.is_deleted,m1_0.deleted_at,m1_0.end_time,m1_0.fetch_id,m1_0.loser,m1_0.match_name,m1_0.start_time,m1_0.status,m1_0.team_a,m1_0.team_b,m1_0.total_amounta,m1_0.total_amountb,m1_0.updated_at,m1_0.view_count,m1_0.winner from "match" m1_0 where m1_0.id=?
total: 3000.00
probability: 0.63
Hibernate: insert into bet (bet_amount,created_at,is_deleted,deleted_at,is_win,match_id,odds_at_betting,selected_team,updated_at,user_id,id) values (?,?,?,?,?,?,?,?,?,?,default)
Hibernate: update users set is_deleted=?,deleted_at=?,email=?,password=?,point=?,updated_at=?,user_role=?,username=? where id=?
Hibernate: update "match" set is_deleted=?,deleted_at=?,end_time=?,fetch_id=?,loser=?,match_name=?,start_time=?,status=?,team_a=?,team_b=?,total_amounta=?,total_amountb=?,updated_at=?,view_count=?,winner=? where id=?
2025-11-19T10:10:11.025+09:00  INFO 18272 --- [ol-14-thread-11] o.e.o.d.m.e.MatchNotificationProducer    : [RabbitMQ:Odds] routingKey=match.1.odds, payload=MatchOddsUpdateDto[matchId=1, selectedTeam=T1, odds=1.43]
2025-11-19T10:10:11.028+09:00  WARN 18272 --- [ntContainer#3-1] o.e.o.d.m.e.MatchNotificationConsumer    : [RabbitMQ:Odds] 알림을 받을 구독자가 없습니다.
Hibernate: select u1_0.id,u1_0.created_at,u1_0.is_deleted,u1_0.deleted_at,u1_0.email,u1_0.password,u1_0.point,u1_0.updated_at,u1_0.user_role,u1_0.username from users u1_0 where u1_0.id=?
Hibernate: select m1_0.id,m1_0.created_at,m1_0.is_deleted,m1_0.deleted_at,m1_0.end_time,m1_0.fetch_id,m1_0.loser,m1_0.match_name,m1_0.start_time,m1_0.status,m1_0.team_a,m1_0.team_b,m1_0.total_amounta,m1_0.total_amountb,m1_0.updated_at,m1_0.view_count,m1_0.winner from "match" m1_0 where m1_0.id=?
total: 3100.00
probability: 0.65
Hibernate: insert into bet (bet_amount,created_at,is_deleted,deleted_at,is_win,match_id,odds_at_betting,selected_team,updated_at,user_id,id) values (?,?,?,?,?,?,?,?,?,?,default)
Hibernate: update users set is_deleted=?,deleted_at=?,email=?,password=?,point=?,updated_at=?,user_role=?,username=? where id=?
Hibernate: update "match" set is_deleted=?,deleted_at=?,end_time=?,fetch_id=?,loser=?,match_name=?,start_time=?,status=?,team_a=?,team_b=?,total_amounta=?,total_amountb=?,updated_at=?,view_count=?,winner=? where id=?
2025-11-19T10:10:11.035+09:00  INFO 18272 --- [ol-14-thread-12] o.e.o.d.m.e.MatchNotificationProducer    : [RabbitMQ:Odds] routingKey=match.1.odds, payload=MatchOddsUpdateDto[matchId=1, selectedTeam=T1, odds=1.38]
2025-11-19T10:10:11.038+09:00  INFO 18272 --- [ntContainer#3-1] o.e.o.d.m.e.MatchNotificationConsumer    : [RabbitMQ:Odds] matchId=1, sent to 1 subscribers, payload={matchId=1, selectedTeam=T1, odds=1.38}
Hibernate: select u1_0.id,u1_0.created_at,u1_0.is_deleted,u1_0.deleted_at,u1_0.email,u1_0.password,u1_0.point,u1_0.updated_at,u1_0.user_role,u1_0.username from users u1_0 where u1_0.id=?
Hibernate: select u1_0.id,u1_0.created_at,u1_0.is_deleted,u1_0.deleted_at,u1_0.email,u1_0.password,u1_0.point,u1_0.updated_at,u1_0.user_role,u1_0.username from users u1_0 where u1_0.id=?
Hibernate: select u1_0.id,u1_0.created_at,u1_0.is_deleted,u1_0.deleted_at,u1_0.email,u1_0.password,u1_0.point,u1_0.updated_at,u1_0.user_role,u1_0.username from users u1_0 where u1_0.id=?
Hibernate: select u1_0.id,u1_0.created_at,u1_0.is_deleted,u1_0.deleted_at,u1_0.email,u1_0.password,u1_0.point,u1_0.updated_at,u1_0.user_role,u1_0.username from users u1_0 where u1_0.id=?
Hibernate: select u1_0.id,u1_0.created_at,u1_0.is_deleted,u1_0.deleted_at,u1_0.email,u1_0.password,u1_0.point,u1_0.updated_at,u1_0.user_role,u1_0.username from users u1_0 where u1_0.id=?
Hibernate: select u1_0.id,u1_0.created_at,u1_0.is_deleted,u1_0.deleted_at,u1_0.email,u1_0.password,u1_0.point,u1_0.updated_at,u1_0.user_role,u1_0.username from users u1_0 where u1_0.id=?
Hibernate: select u1_0.id,u1_0.created_at,u1_0.is_deleted,u1_0.deleted_at,u1_0.email,u1_0.password,u1_0.point,u1_0.updated_at,u1_0.user_role,u1_0.username from users u1_0 where u1_0.id=?
Hibernate: select u1_0.id,u1_0.created_at,u1_0.is_deleted,u1_0.deleted_at,u1_0.email,u1_0.password,u1_0.point,u1_0.updated_at,u1_0.user_role,u1_0.username from users u1_0 where u1_0.id=?
Hibernate: select u1_0.id,u1_0.created_at,u1_0.is_deleted,u1_0.deleted_at,u1_0.email,u1_0.password,u1_0.point,u1_0.updated_at,u1_0.user_role,u1_0.username from users u1_0 where u1_0.id=?
Hibernate: select u1_0.id,u1_0.created_at,u1_0.is_deleted,u1_0.deleted_at,u1_0.email,u1_0.password,u1_0.point,u1_0.updated_at,u1_0.user_role,u1_0.username from users u1_0 where u1_0.id=?
Hibernate: select u1_0.id,u1_0.created_at,u1_0.is_deleted,u1_0.deleted_at,u1_0.email,u1_0.password,u1_0.point,u1_0.updated_at,u1_0.user_role,u1_0.username from users u1_0 where u1_0.id=?
Hibernate: select count(*) from bet b1_0
Hibernate: select b1_0.id,b1_0.bet_amount,b1_0.created_at,b1_0.is_deleted,b1_0.deleted_at,b1_0.is_win,b1_0.match_id,b1_0.odds_at_betting,b1_0.selected_team,b1_0.updated_at,b1_0.user_id from bet b1_0
Hibernate: delete from bet where id=?
Hibernate: delete from bet where id=?
Hibernate: delete from bet where id=?
Hibernate: delete from bet where id=?
Hibernate: delete from bet where id=?
Hibernate: delete from bet where id=?
Hibernate: delete from bet where id=?
Hibernate: delete from bet where id=?
Hibernate: delete from bet where id=?
Hibernate: delete from bet where id=?
Hibernate: select m1_0.id,m1_0.created_at,m1_0.is_deleted,m1_0.deleted_at,m1_0.end_time,m1_0.fetch_id,m1_0.loser,m1_0.match_name,m1_0.start_time,m1_0.status,m1_0.team_a,m1_0.team_b,m1_0.total_amounta,m1_0.total_amountb,m1_0.updated_at,m1_0.view_count,m1_0.winner from "match" m1_0 where m1_0.id=?
Hibernate: delete from "match" where id=?
Hibernate: select u1_0.id,u1_0.created_at,u1_0.is_deleted,u1_0.deleted_at,u1_0.email,u1_0.password,u1_0.point,u1_0.updated_at,u1_0.user_role,u1_0.username from users u1_0 where u1_0.id=?
Hibernate: delete from users where id=?
]]></system-out>
  <system-err><![CDATA[]]></system-err>
</testsuite>
