<?xml version="1.0" encoding="UTF-8"?>
<testsuite name="org.example.oddventure.domain.ai.unit.ChatHistoryServiceTest" tests="2" skipped="0" failures="0" errors="0" timestamp="2025-11-19T01:10:01.342Z" hostname="DESKTOP-9Q5JQDP" time="0.473">
  <properties/>
  <testcase name="Redis에서 최근 채팅 기록을 조회한다" classname="org.example.oddventure.domain.ai.unit.ChatHistoryServiceTest" time="0.442"/>
  <testcase name="Redis에 채팅 메시지를 JSON 형태로 저장한다" classname="org.example.oddventure.domain.ai.unit.ChatHistoryServiceTest" time="0.031"/>
  <system-out><![CDATA[]]></system-out>
  <system-err><![CDATA[]]></system-err>
</testsuite>
