<?xml version="1.0" encoding="UTF-8"?>
<testsuite name="org.example.oddventure.domain.bet.unit.BetControllerTest" tests="3" skipped="0" failures="0" errors="0" timestamp="2025-11-19T01:10:03.667Z" hostname="DESKTOP-9Q5JQDP" time="0.102">
  <properties/>
  <testcase name="GET /bets/me 베팅 내역 조회 성공" classname="org.example.oddventure.domain.bet.unit.BetControllerTest" time="0.048"/>
  <testcase name="DELETE /bets/{betId} - 베팅 취소 성공" classname="org.example.oddventure.domain.bet.unit.BetControllerTest" time="0.022"/>
  <testcase name="POST /bets - 베팅 생성 성공" classname="org.example.oddventure.domain.bet.unit.BetControllerTest" time="0.03"/>
  <system-out><![CDATA[2025-11-19T10:10:03.216+09:00  INFO 18272 --- [    Test worker] t.c.s.AnnotationConfigContextLoaderUtils : Could not detect default configuration classes for test class [org.example.oddventure.domain.bet.unit.BetControllerTest]: BetControllerTest does not declare any static, non-private, non-final, nested classes annotated with @Configuration.
2025-11-19T10:10:03.263+09:00  INFO 18272 --- [    Test worker] .b.t.c.SpringBootTestContextBootstrapper : Found @SpringBootConfiguration org.example.oddventure.OddventureApplication for test class org.example.oddventure.domain.bet.unit.BetControllerTest

  .   ____          _            __ _ _
 /\\ / ___'_ __ _ _(_)_ __  __ _ \ \ \ \
( ( )\___ | '_ | '_| | '_ \/ _` | \ \ \ \
 \\/  ___)| |_)| | | | | || (_| |  ) ) ) )
  '  |____| .__|_| |_|_| |_\__, | / / / /
 =========|_|==============|___/=/_/_/_/

 :: Spring Boot ::                (v3.5.6)

2025-11-19T10:10:03.285+09:00  INFO 18272 --- [    Test worker] o.e.o.domain.bet.unit.BetControllerTest  : Starting BetControllerTest using Java 21.0.9 with PID 18272 (started by Main in C:\sparta\Project\oddventure)
2025-11-19T10:10:03.285+09:00  INFO 18272 --- [    Test worker] o.e.o.domain.bet.unit.BetControllerTest  : No active profile set, falling back to 1 default profile: "default"
2025-11-19T10:10:03.568+09:00  INFO 18272 --- [    Test worker] o.s.b.a.w.s.WelcomePageHandlerMapping    : Adding welcome page: class path resource [static/index.html]
2025-11-19T10:10:03.601+09:00  WARN 18272 --- [    Test worker] .s.s.UserDetailsServiceAutoConfiguration : 

Using generated security password: 4ec46158-bf6a-4335-8dff-201259b52eca

This generated password is for development use only. Your security configuration must be updated before running your application in production.

2025-11-19T10:10:03.602+09:00  INFO 18272 --- [    Test worker] r$InitializeUserDetailsManagerConfigurer : Global AuthenticationManager configured with UserDetailsService bean with name inMemoryUserDetailsManager
2025-11-19T10:10:03.657+09:00  INFO 18272 --- [    Test worker] o.s.b.t.m.w.SpringBootMockServletContext : Initializing Spring TestDispatcherServlet ''
2025-11-19T10:10:03.657+09:00  INFO 18272 --- [    Test worker] o.s.t.web.servlet.TestDispatcherServlet  : Initializing Servlet ''
2025-11-19T10:10:03.658+09:00  INFO 18272 --- [    Test worker] o.s.t.web.servlet.TestDispatcherServlet  : Completed initialization in 1 ms
2025-11-19T10:10:03.665+09:00  INFO 18272 --- [    Test worker] o.e.o.domain.bet.unit.BetControllerTest  : Started BetControllerTest in 0.4 seconds (process running for 23.282)
2025-11-19T10:10:03.669+09:00  INFO 18272 --- [    Test worker] o.s.b.t.m.w.SpringBootMockServletContext : Initializing Spring TestDispatcherServlet ''
2025-11-19T10:10:03.669+09:00  INFO 18272 --- [    Test worker] o.s.t.web.servlet.TestDispatcherServlet  : Initializing Servlet ''
2025-11-19T10:10:03.669+09:00  INFO 18272 --- [    Test worker] o.s.t.web.servlet.TestDispatcherServlet  : Completed initialization in 0 ms
2025-11-19T10:10:03.717+09:00  INFO 18272 --- [    Test worker] o.s.b.t.m.w.SpringBootMockServletContext : Initializing Spring TestDispatcherServlet ''
2025-11-19T10:10:03.717+09:00  INFO 18272 --- [    Test worker] o.s.t.web.servlet.TestDispatcherServlet  : Initializing Servlet ''
2025-11-19T10:10:03.718+09:00  INFO 18272 --- [    Test worker] o.s.t.web.servlet.TestDispatcherServlet  : Completed initialization in 1 ms
2025-11-19T10:10:03.740+09:00  INFO 18272 --- [    Test worker] o.s.b.t.m.w.SpringBootMockServletContext : Initializing Spring TestDispatcherServlet ''
2025-11-19T10:10:03.740+09:00  INFO 18272 --- [    Test worker] o.s.t.web.servlet.TestDispatcherServlet  : Initializing Servlet ''
2025-11-19T10:10:03.740+09:00  INFO 18272 --- [    Test worker] o.s.t.web.servlet.TestDispatcherServlet  : Completed initialization in 0 ms
]]></system-out>
  <system-err><![CDATA[]]></system-err>
</testsuite>
