<?xml version="1.0" encoding="UTF-8"?>
<testsuite name="org.example.oddventure.domain.admin.unit.AdminUserServiceTest" tests="4" skipped="0" failures="0" errors="0" timestamp="2025-11-19T01:10:00.265Z" hostname="DESKTOP-9Q5JQDP" time="0.434">
  <properties/>
  <testcase name="검색 조건 없이 사용자 목록 조회 성공" classname="org.example.oddventure.domain.admin.unit.AdminUserServiceTest" time="0.416"/>
  <testcase name="검색 조건 포함 사용자 목록 조회 성공" classname="org.example.oddventure.domain.admin.unit.AdminUserServiceTest" time="0.008"/>
  <testcase name="사용자 상세 조회 성공" classname="org.example.oddventure.domain.admin.unit.AdminUserServiceTest" time="0.003"/>
  <testcase name="사용자 상세 조회 실패 - 존재하지 않는 사용자" classname="org.example.oddventure.domain.admin.unit.AdminUserServiceTest" time="0.006"/>
  <system-out><![CDATA[]]></system-out>
  <system-err><![CDATA[]]></system-err>
</testsuite>
