<?xml version="1.0" encoding="UTF-8"?>
<testsuite name="조회수 DB 동기화 (Scheduler)" tests="2" skipped="0" failures="0" errors="0" timestamp="2025-11-19T01:10:20.003Z" hostname="DESKTOP-9Q5JQDP" time="0.002">
  <properties/>
  <testcase name="조회수 DB 동기화 - 대상 없음 (WARN 로그)" classname="org.example.oddventure.domain.match.unit.MatchServiceTest$UpdateViewCount" time="0.001"/>
  <testcase name="조회수 DB 동기화 성공" classname="org.example.oddventure.domain.match.unit.MatchServiceTest$UpdateViewCount" time="0.001"/>
  <system-out><![CDATA[2025-11-19T10:10:20.003+09:00  WARN 18272 --- [    Test worker] o.e.o.domain.match.service.MatchService  : DB에 matchId: 999가 존재하지 않아 조회수 동기화 실패
]]></system-out>
  <system-err><![CDATA[]]></system-err>
</testsuite>
