<?xml version="1.0" encoding="UTF-8"?>
<testsuite name="org.example.oddventure.domain.team.unit.TeamServiceTest" tests="2" skipped="0" failures="0" errors="0" timestamp="2025-11-19T01:10:20.071Z" hostname="DESKTOP-9Q5JQDP" time="0.071">
  <properties/>
  <testcase name="전체 팀 조회 시 모든 팀 정보를 반환한다" classname="org.example.oddventure.domain.team.unit.TeamServiceTest" time="0.07"/>
  <testcase name="ID로 팀을 조회하면 해당 팀 정보를 반환한다" classname="org.example.oddventure.domain.team.unit.TeamServiceTest" time="0.001"/>
  <system-out><![CDATA[]]></system-out>
  <system-err><![CDATA[]]></system-err>
</testsuite>
