<?xml version="1.0" encoding="UTF-8"?>
<testsuite name="org.example.oddventure.domain.admin.unit.AdminMatchControllerTest" tests="2" skipped="0" failures="0" errors="0" timestamp="2025-11-19T01:09:58.508Z" hostname="DESKTOP-9Q5JQDP" time="0.829">
  <properties/>
  <testcase name="매치 생성 성공" classname="org.example.oddventure.domain.admin.unit.AdminMatchControllerTest" time="0.604"/>
  <testcase name="매치 정보 수정 성공" classname="org.example.oddventure.domain.admin.unit.AdminMatchControllerTest" time="0.223"/>
  <system-out><![CDATA[2025-11-19T10:09:57.212+09:00  INFO 18272 --- [    Test worker] t.c.s.AnnotationConfigContextLoaderUtils : Could not detect default configuration classes for test class [org.example.oddventure.domain.admin.unit.AdminMatchControllerTest]: AdminMatchControllerTest does not declare any static, non-private, non-final, nested classes annotated with @Configuration.
2025-11-19T10:09:57.268+09:00  INFO 18272 --- [    Test worker] .b.t.c.SpringBootTestContextBootstrapper : Found @SpringBootConfiguration org.example.oddventure.OddventureApplication for test class org.example.oddventure.domain.admin.unit.AdminMatchControllerTest

  .   ____          _            __ _ _
 /\\ / ___'_ __ _ _(_)_ __  __ _ \ \ \ \
( ( )\___ | '_ | '_| | '_ \/ _` | \ \ \ \
 \\/  ___)| |_)| | | | | || (_| |  ) ) ) )
  '  |____| .__|_| |_|_| |_\__, | / / / /
 =========|_|==============|___/=/_/_/_/

 :: Spring Boot ::                (v3.5.6)

2025-11-19T10:09:57.292+09:00  INFO 18272 --- [    Test worker] o.e.o.d.a.unit.AdminMatchControllerTest  : Starting AdminMatchControllerTest using Java 21.0.9 with PID 18272 (started by Main in C:\sparta\Project\oddventure)
2025-11-19T10:09:57.292+09:00  INFO 18272 --- [    Test worker] o.e.o.d.a.unit.AdminMatchControllerTest  : No active profile set, falling back to 1 default profile: "default"
2025-11-19T10:09:58.113+09:00  INFO 18272 --- [    Test worker] o.s.b.a.w.s.WelcomePageHandlerMapping    : Adding welcome page: class path resource [static/index.html]
2025-11-19T10:09:58.192+09:00  WARN 18272 --- [    Test worker] .s.s.UserDetailsServiceAutoConfiguration : 

Using generated security password: a6c407ba-692d-4de4-a433-f4fb7e5c6631

This generated password is for development use only. Your security configuration must be updated before running your application in production.

2025-11-19T10:09:58.194+09:00  INFO 18272 --- [    Test worker] r$InitializeUserDetailsManagerConfigurer : Global AuthenticationManager configured with UserDetailsService bean with name inMemoryUserDetailsManager
2025-11-19T10:09:58.413+09:00  INFO 18272 --- [    Test worker] o.s.b.t.m.w.SpringBootMockServletContext : Initializing Spring TestDispatcherServlet ''
2025-11-19T10:09:58.413+09:00  INFO 18272 --- [    Test worker] o.s.t.web.servlet.TestDispatcherServlet  : Initializing Servlet ''
2025-11-19T10:09:58.415+09:00  INFO 18272 --- [    Test worker] o.s.t.web.servlet.TestDispatcherServlet  : Completed initialization in 1 ms
2025-11-19T10:09:58.496+09:00  INFO 18272 --- [    Test worker] o.e.o.d.a.unit.AdminMatchControllerTest  : Started AdminMatchControllerTest in 1.226 seconds (process running for 18.112)
2025-11-19T10:09:58.612+09:00  INFO 18272 --- [    Test worker] o.s.b.t.m.w.SpringBootMockServletContext : Initializing Spring TestDispatcherServlet ''
2025-11-19T10:09:58.612+09:00  INFO 18272 --- [    Test worker] o.s.t.web.servlet.TestDispatcherServlet  : Initializing Servlet ''
2025-11-19T10:09:58.613+09:00  INFO 18272 --- [    Test worker] o.s.t.web.servlet.TestDispatcherServlet  : Completed initialization in 1 ms
2025-11-19T10:09:59.117+09:00  INFO 18272 --- [    Test worker] o.s.b.t.m.w.SpringBootMockServletContext : Initializing Spring TestDispatcherServlet ''
2025-11-19T10:09:59.117+09:00  INFO 18272 --- [    Test worker] o.s.t.web.servlet.TestDispatcherServlet  : Initializing Servlet ''
2025-11-19T10:09:59.117+09:00  INFO 18272 --- [    Test worker] o.s.t.web.servlet.TestDispatcherServlet  : Completed initialization in 0 ms
]]></system-out>
  <system-err><![CDATA[]]></system-err>
</testsuite>
