<?xml version="1.0" encoding="UTF-8"?>
<testsuite name="org.example.oddventure.domain.grid.integration.GridServiceIntegrationTest" tests="2" skipped="0" failures="0" errors="0" timestamp="2025-11-19T01:10:11.742Z" hostname="DESKTOP-9Q5JQDP" time="0.198">
  <properties/>
  <testcase name="fetchMatchResult() 통합 테스트 - 경기 결과 조회 성공" classname="org.example.oddventure.domain.grid.integration.GridServiceIntegrationTest" time="0.167"/>
  <testcase name="fetchMatchSchedules() 통합 테스트 - 경기 스케줄 목록 조회 성공" classname="org.example.oddventure.domain.grid.integration.GridServiceIntegrationTest" time="0.031"/>
  <system-out><![CDATA[]]></system-out>
  <system-err><![CDATA[]]></system-err>
</testsuite>
