<?xml version="1.0" encoding="UTF-8"?>
<testsuite name="org.example.oddventure.domain.match.unit.MatchControllerTest" tests="3" skipped="0" failures="0" errors="0" timestamp="2025-11-19T01:10:16.360Z" hostname="DESKTOP-9Q5JQDP" time="0.073">
  <properties/>
  <testcase name="GET /matches/{matchId} - 매치 상세 조회 성공" classname="org.example.oddventure.domain.match.unit.MatchControllerTest" time="0.026"/>
  <testcase name="POST /matches/search - 매치 검색 성공" classname="org.example.oddventure.domain.match.unit.MatchControllerTest" time="0.028"/>
  <testcase name="GET /matches - 매치 목록 조회 성공" classname="org.example.oddventure.domain.match.unit.MatchControllerTest" time="0.018"/>
  <system-out><![CDATA[2025-11-19T10:10:16.047+09:00  INFO 18272 --- [    Test worker] t.c.s.AnnotationConfigContextLoaderUtils : Could not detect default configuration classes for test class [org.example.oddventure.domain.match.unit.MatchControllerTest]: MatchControllerTest does not declare any static, non-private, non-final, nested classes annotated with @Configuration.
2025-11-19T10:10:16.091+09:00  INFO 18272 --- [    Test worker] .b.t.c.SpringBootTestContextBootstrapper : Found @SpringBootConfiguration org.example.oddventure.OddventureApplication for test class org.example.oddventure.domain.match.unit.MatchControllerTest

  .   ____          _            __ _ _
 /\\ / ___'_ __ _ _(_)_ __  __ _ \ \ \ \
( ( )\___ | '_ | '_| | '_ \/ _` | \ \ \ \
 \\/  ___)| |_)| | | | | || (_| |  ) ) ) )
  '  |____| .__|_| |_|_| |_\__, | / / / /
 =========|_|==============|___/=/_/_/_/

 :: Spring Boot ::                (v3.5.6)

2025-11-19T10:10:16.108+09:00  INFO 18272 --- [    Test worker] o.e.o.d.match.unit.MatchControllerTest   : Starting MatchControllerTest using Java 21.0.9 with PID 18272 (started by Main in C:\sparta\Project\oddventure)
2025-11-19T10:10:16.108+09:00  INFO 18272 --- [    Test worker] o.e.o.d.match.unit.MatchControllerTest   : No active profile set, falling back to 1 default profile: "default"
2025-11-19T10:10:16.298+09:00  INFO 18272 --- [    Test worker] o.s.b.a.w.s.WelcomePageHandlerMapping    : Adding welcome page: class path resource [static/index.html]
2025-11-19T10:10:16.319+09:00  WARN 18272 --- [    Test worker] .s.s.UserDetailsServiceAutoConfiguration : 

Using generated security password: 7319eb9e-448d-49a5-a05e-9c86a95640d9

This generated password is for development use only. Your security configuration must be updated before running your application in production.

2025-11-19T10:10:16.320+09:00  INFO 18272 --- [    Test worker] r$InitializeUserDetailsManagerConfigurer : Global AuthenticationManager configured with UserDetailsService bean with name inMemoryUserDetailsManager
2025-11-19T10:10:16.355+09:00  INFO 18272 --- [    Test worker] o.s.b.t.m.w.SpringBootMockServletContext : Initializing Spring TestDispatcherServlet ''
2025-11-19T10:10:16.355+09:00  INFO 18272 --- [    Test worker] o.s.t.web.servlet.TestDispatcherServlet  : Initializing Servlet ''
2025-11-19T10:10:16.355+09:00  INFO 18272 --- [    Test worker] o.s.t.web.servlet.TestDispatcherServlet  : Completed initialization in 0 ms
2025-11-19T10:10:16.359+09:00  INFO 18272 --- [    Test worker] o.e.o.d.match.unit.MatchControllerTest   : Started MatchControllerTest in 0.266 seconds (process running for 35.976)
2025-11-19T10:10:16.363+09:00  INFO 18272 --- [    Test worker] o.s.b.t.m.w.SpringBootMockServletContext : Initializing Spring TestDispatcherServlet ''
2025-11-19T10:10:16.363+09:00  INFO 18272 --- [    Test worker] o.s.t.web.servlet.TestDispatcherServlet  : Initializing Servlet ''
2025-11-19T10:10:16.363+09:00  INFO 18272 --- [    Test worker] o.s.t.web.servlet.TestDispatcherServlet  : Completed initialization in 0 ms
2025-11-19T10:10:16.388+09:00  INFO 18272 --- [    Test worker] o.s.b.t.m.w.SpringBootMockServletContext : Initializing Spring TestDispatcherServlet ''
2025-11-19T10:10:16.388+09:00  INFO 18272 --- [    Test worker] o.s.t.web.servlet.TestDispatcherServlet  : Initializing Servlet ''
2025-11-19T10:10:16.388+09:00  INFO 18272 --- [    Test worker] o.s.t.web.servlet.TestDispatcherServlet  : Completed initialization in 0 ms
2025-11-19T10:10:16.416+09:00  INFO 18272 --- [    Test worker] o.s.b.t.m.w.SpringBootMockServletContext : Initializing Spring TestDispatcherServlet ''
2025-11-19T10:10:16.416+09:00  INFO 18272 --- [    Test worker] o.s.t.web.servlet.TestDispatcherServlet  : Initializing Servlet ''
2025-11-19T10:10:16.417+09:00  INFO 18272 --- [    Test worker] o.s.t.web.servlet.TestDispatcherServlet  : Completed initialization in 1 ms
]]></system-out>
  <system-err><![CDATA[]]></system-err>
</testsuite>
